{"level":"error","message":"Error: Access denied. Owners only.","method":"POST","path":"/api/v1/employees/invite","timestamp":"2026-07-23T06:01:37.860Z"}
{"level":"error","message":"Error: Access denied: You do not own this branch.","method":"POST","path":"/api/v1/employees/invite","timestamp":"2026-07-23T06:01:38.659Z"}
{"level":"error","message":"Error: An account with this email address already exists.","method":"POST","path":"/api/v1/employees/invite","timestamp":"2026-07-23T06:01:39.428Z"}
{"level":"error","message":"Error: Access denied: Employee belongs to another company.","method":"GET","path":"/api/v1/employees/6a61ae47cd87f9baf244f063","timestamp":"2026-07-23T06:01:43.553Z"}
{"level":"error","message":"Error: Employee not found.","method":"GET","path":"/api/v1/employees/6a61ae4bcd87f9baf244f108","timestamp":"2026-07-23T06:01:47.996Z"}
{"level":"error","message":"Error: Not authenticated. Please login.","method":"GET","path":"/api/v1/employees","timestamp":"2026-07-23T06:01:48.003Z"}
{"level":"error","message":"Error: An account already exists with this email address.","method":"POST","path":"/api/v1/auth/register","timestamp":"2026-07-23T06:01:51.466Z"}
{"level":"error","message":"Error: Invalid credentials","method":"POST","path":"/api/v1/auth/login/owner","timestamp":"2026-07-23T06:01:52.981Z"}
{"level":"error","message":"Error: Invalid credentials","method":"POST","path":"/api/v1/auth/login/owner","timestamp":"2026-07-23T06:01:52.999Z"}
{"level":"error","message":"Error: Not authenticated. Please login.","method":"GET","path":"/api/v1/auth/me","timestamp":"2026-07-23T06:01:53.413Z"}
{"level":"error","message":"Error: Not authenticated. Please login.","method":"GET","path":"/api/v1/auth/me","timestamp":"2026-07-23T06:01:54.201Z"}
{"level":"error","message":"Error: Invalid or missing CSRF token.","method":"PATCH","path":"/api/v1/auth/profile","timestamp":"2026-07-23T06:01:54.580Z"}
{"level":"error","message":"Error: Invalid or missing CSRF token.","method":"PATCH","path":"/api/v1/auth/profile","timestamp":"2026-07-23T06:01:54.965Z"}
{"level":"error","message":"Error: Invalid OTP","method":"POST","path":"/api/v1/auth/verify-otp","timestamp":"2026-07-23T06:01:57.539Z"}
{"level":"error","message":"Error: Invalid credentials or account suspended","method":"POST","path":"/api/v1/auth/login/employee","timestamp":"2026-07-23T06:01:59.325Z"}
{"level":"error","message":"Error: Not authenticated. Please login.","method":"POST","path":"/api/v1/branches","timestamp":"2026-07-23T06:02:02.101Z"}
{"level":"error","message":"Error: Access denied: You do not own this branch.","method":"PUT","path":"/api/v1/branches/6a61ae5b6ddb633fd4336e76","timestamp":"2026-07-23T06:02:03.685Z"}
{"level":"error","message":"Error: Account already exists on this branch.","method":"POST","path":"/api/v1/branches/6a61ae5c6ddb633fd4336ec4/accounts","timestamp":"2026-07-23T06:02:04.877Z"}
{"level":"info","message":"📦 MongoDB connected: ac-sxdmjkv-shard-00-00.i8vlen9.mongodb.net/trustpay","timestamp":"2026-07-23T06:51:50.158Z"}
{"level":"info","message":"🚀 Server running in development mode on port 5000","timestamp":"2026-07-23T06:51:50.168Z"}
