{"level":"info","message":"📦 MongoDB connected: ac-sxdmjkv-shard-00-01.i8vlen9.mongodb.net/trustpay","timestamp":"2026-07-04T17:01:34.881Z"}
{"level":"info","message":"🚀 Server running in development mode on port 5000","timestamp":"2026-07-04T17:01:34.888Z"}
{"level":"error","message":"Error: Access token expired. Please refresh.","method":"GET","path":"/api/v1/verifications/my-history","stack":"Error: Access token expired. Please refresh.\n    at <anonymous> (C:\\Users\\yamla\\Desktop\\NYDev\\nyProjects\\trust-pay\\backend\\src\\middleware\\auth.ts:51:13)\n    at <anonymous> (C:\\Users\\yamla\\Desktop\\NYDev\\nyProjects\\trust-pay\\backend\\src\\utils\\asyncHandler.ts:11:21)\n    at Layer.handle [as handle_request] (C:\\Users\\yamla\\Desktop\\NYDev\\nyProjects\\trust-pay\\backend\\node_modules\\express\\lib\\router\\layer.js:95:5)\n    at trim_prefix (C:\\Users\\yamla\\Desktop\\NYDev\\nyProjects\\trust-pay\\backend\\node_modules\\express\\lib\\router\\index.js:328:13)\n    at C:\\Users\\yamla\\Desktop\\NYDev\\nyProjects\\trust-pay\\backend\\node_modules\\express\\lib\\router\\index.js:286:9\n    at Function.process_params (C:\\Users\\yamla\\Desktop\\NYDev\\nyProjects\\trust-pay\\backend\\node_modules\\express\\lib\\router\\index.js:346:12)\n    at next (C:\\Users\\yamla\\Desktop\\NYDev\\nyProjects\\trust-pay\\backend\\node_modules\\express\\lib\\router\\index.js:280:10)\n    at Function.handle (C:\\Users\\yamla\\Desktop\\NYDev\\nyProjects\\trust-pay\\backend\\node_modules\\express\\lib\\router\\index.js:175:3)\n    at router (C:\\Users\\yamla\\Desktop\\NYDev\\nyProjects\\trust-pay\\backend\\node_modules\\express\\lib\\router\\index.js:47:12)\n    at Layer.handle [as handle_request] (C:\\Users\\yamla\\Desktop\\NYDev\\nyProjects\\trust-pay\\backend\\node_modules\\express\\lib\\router\\layer.js:95:5)","timestamp":"2026-07-04T17:08:03.612Z"}
{"level":"error","message":"Error: refreshToken: Required","method":"POST","path":"/api/v1/auth/refresh","stack":"Error: refreshToken: Required\n    at <anonymous> (C:\\Users\\yamla\\Desktop\\NYDev\\nyProjects\\trust-pay\\backend\\src\\middleware\\validate.ts:32:21)\n    at Layer.handle [as handle_request] (C:\\Users\\yamla\\Desktop\\NYDev\\nyProjects\\trust-pay\\backend\\node_modules\\express\\lib\\router\\layer.js:95:5)\n    at next (C:\\Users\\yamla\\Desktop\\NYDev\\nyProjects\\trust-pay\\backend\\node_modules\\express\\lib\\router\\route.js:149:13)\n    at Route.dispatch (C:\\Users\\yamla\\Desktop\\NYDev\\nyProjects\\trust-pay\\backend\\node_modules\\express\\lib\\router\\route.js:119:3)\n    at Layer.handle [as handle_request] (C:\\Users\\yamla\\Desktop\\NYDev\\nyProjects\\trust-pay\\backend\\node_modules\\express\\lib\\router\\layer.js:95:5)\n    at C:\\Users\\yamla\\Desktop\\NYDev\\nyProjects\\trust-pay\\backend\\node_modules\\express\\lib\\router\\index.js:284:15\n    at Function.process_params (C:\\Users\\yamla\\Desktop\\NYDev\\nyProjects\\trust-pay\\backend\\node_modules\\express\\lib\\router\\index.js:346:12)\n    at next (C:\\Users\\yamla\\Desktop\\NYDev\\nyProjects\\trust-pay\\backend\\node_modules\\express\\lib\\router\\index.js:280:10)\n    at Function.handle (C:\\Users\\yamla\\Desktop\\NYDev\\nyProjects\\trust-pay\\backend\\node_modules\\express\\lib\\router\\index.js:175:3)\n    at router (C:\\Users\\yamla\\Desktop\\NYDev\\nyProjects\\trust-pay\\backend\\node_modules\\express\\lib\\router\\index.js:47:12)","timestamp":"2026-07-04T17:08:03.714Z"}
{"level":"error","message":"Error: Not authenticated. Please login.","method":"GET","path":"/api/v1/verifications/my-history","stack":"Error: Not authenticated. Please login.\n    at <anonymous> (C:\\Users\\yamla\\Desktop\\NYDev\\nyProjects\\trust-pay\\backend\\src\\middleware\\auth.ts:26:11)\n    at <anonymous> (C:\\Users\\yamla\\Desktop\\NYDev\\nyProjects\\trust-pay\\backend\\src\\utils\\asyncHandler.ts:11:21)\n    at Layer.handle [as handle_request] (C:\\Users\\yamla\\Desktop\\NYDev\\nyProjects\\trust-pay\\backend\\node_modules\\express\\lib\\router\\layer.js:95:5)\n    at trim_prefix (C:\\Users\\yamla\\Desktop\\NYDev\\nyProjects\\trust-pay\\backend\\node_modules\\express\\lib\\router\\index.js:328:13)\n    at C:\\Users\\yamla\\Desktop\\NYDev\\nyProjects\\trust-pay\\backend\\node_modules\\express\\lib\\router\\index.js:286:9\n    at Function.process_params (C:\\Users\\yamla\\Desktop\\NYDev\\nyProjects\\trust-pay\\backend\\node_modules\\express\\lib\\router\\index.js:346:12)\n    at next (C:\\Users\\yamla\\Desktop\\NYDev\\nyProjects\\trust-pay\\backend\\node_modules\\express\\lib\\router\\index.js:280:10)\n    at Function.handle (C:\\Users\\yamla\\Desktop\\NYDev\\nyProjects\\trust-pay\\backend\\node_modules\\express\\lib\\router\\index.js:175:3)\n    at router (C:\\Users\\yamla\\Desktop\\NYDev\\nyProjects\\trust-pay\\backend\\node_modules\\express\\lib\\router\\index.js:47:12)\n    at Layer.handle [as handle_request] (C:\\Users\\yamla\\Desktop\\NYDev\\nyProjects\\trust-pay\\backend\\node_modules\\express\\lib\\router\\layer.js:95:5)","timestamp":"2026-07-04T17:08:04.152Z"}
{"level":"error","message":"Error: Invalid credentials","method":"POST","path":"/api/v1/auth/login","stack":"Error: Invalid credentials\n    at <anonymous> (C:\\Users\\yamla\\Desktop\\NYDev\\nyProjects\\trust-pay\\backend\\src\\api\\controllers\\auth.controller.ts:66:11)\n    at process.processTicksAndRejections (node:internal/process/task_queues:105:5)","timestamp":"2026-07-04T17:09:11.817Z"}
{"level":"error","maxPollAttempts":20,"message":"Verify.ET polling timeout","statusUrl":"https://verify.et/api/verify/8283c6f4-9975-4bea-9e6d-9935bc120a75","timestamp":"2026-07-04T17:11:02.575Z"}
{"level":"error","message":"Error: Payment verification failed. Invalid reference.","method":"POST","path":"/api/v1/verifications/verify","stack":"Error: Payment verification failed. Invalid reference.\n    at <anonymous> (C:\\Users\\yamla\\Desktop\\NYDev\\nyProjects\\trust-pay\\backend\\src\\api\\controllers\\verification.controller.ts:87:11)\n    at process.processTicksAndRejections (node:internal/process/task_queues:105:5)","timestamp":"2026-07-04T17:11:02.822Z"}
{"level":"error","maxPollAttempts":20,"message":"Verify.ET polling timeout","statusUrl":"https://verify.et/api/verify/8283c6f4-9975-4bea-9e6d-9935bc120a75","timestamp":"2026-07-04T17:11:32.993Z"}
{"level":"error","message":"Error: Payment verification failed. Invalid reference.","method":"POST","path":"/api/v1/verifications/verify","stack":"Error: Payment verification failed. Invalid reference.\n    at <anonymous> (C:\\Users\\yamla\\Desktop\\NYDev\\nyProjects\\trust-pay\\backend\\src\\api\\controllers\\verification.controller.ts:87:11)\n    at process.processTicksAndRejections (node:internal/process/task_queues:105:5)","timestamp":"2026-07-04T17:11:33.236Z"}
{"level":"error","message":"Error: Not authenticated. Please login.","method":"GET","path":"/api/v1/verifications/my-history","stack":"Error: Not authenticated. Please login.\n    at <anonymous> (C:\\Users\\yamla\\Desktop\\NYDev\\nyProjects\\trust-pay\\backend\\src\\middleware\\auth.ts:26:11)\n    at <anonymous> (C:\\Users\\yamla\\Desktop\\NYDev\\nyProjects\\trust-pay\\backend\\src\\utils\\asyncHandler.ts:11:21)\n    at Layer.handle [as handle_request] (C:\\Users\\yamla\\Desktop\\NYDev\\nyProjects\\trust-pay\\backend\\node_modules\\express\\lib\\router\\layer.js:95:5)\n    at trim_prefix (C:\\Users\\yamla\\Desktop\\NYDev\\nyProjects\\trust-pay\\backend\\node_modules\\express\\lib\\router\\index.js:328:13)\n    at C:\\Users\\yamla\\Desktop\\NYDev\\nyProjects\\trust-pay\\backend\\node_modules\\express\\lib\\router\\index.js:286:9\n    at Function.process_params (C:\\Users\\yamla\\Desktop\\NYDev\\nyProjects\\trust-pay\\backend\\node_modules\\express\\lib\\router\\index.js:346:12)\n    at next (C:\\Users\\yamla\\Desktop\\NYDev\\nyProjects\\trust-pay\\backend\\node_modules\\express\\lib\\router\\index.js:280:10)\n    at Function.handle (C:\\Users\\yamla\\Desktop\\NYDev\\nyProjects\\trust-pay\\backend\\node_modules\\express\\lib\\router\\index.js:175:3)\n    at router (C:\\Users\\yamla\\Desktop\\NYDev\\nyProjects\\trust-pay\\backend\\node_modules\\express\\lib\\router\\index.js:47:12)\n    at Layer.handle [as handle_request] (C:\\Users\\yamla\\Desktop\\NYDev\\nyProjects\\trust-pay\\backend\\node_modules\\express\\lib\\router\\layer.js:95:5)","timestamp":"2026-07-04T17:11:36.159Z"}
{"level":"error","message":"Error: Not authenticated. Please login.","method":"GET","path":"/api/v1/verifications/my-history","stack":"Error: Not authenticated. Please login.\n    at <anonymous> (C:\\Users\\yamla\\Desktop\\NYDev\\nyProjects\\trust-pay\\backend\\src\\middleware\\auth.ts:26:11)\n    at <anonymous> (C:\\Users\\yamla\\Desktop\\NYDev\\nyProjects\\trust-pay\\backend\\src\\utils\\asyncHandler.ts:11:21)\n    at Layer.handle [as handle_request] (C:\\Users\\yamla\\Desktop\\NYDev\\nyProjects\\trust-pay\\backend\\node_modules\\express\\lib\\router\\layer.js:95:5)\n    at trim_prefix (C:\\Users\\yamla\\Desktop\\NYDev\\nyProjects\\trust-pay\\backend\\node_modules\\express\\lib\\router\\index.js:328:13)\n    at C:\\Users\\yamla\\Desktop\\NYDev\\nyProjects\\trust-pay\\backend\\node_modules\\express\\lib\\router\\index.js:286:9\n    at Function.process_params (C:\\Users\\yamla\\Desktop\\NYDev\\nyProjects\\trust-pay\\backend\\node_modules\\express\\lib\\router\\index.js:346:12)\n    at next (C:\\Users\\yamla\\Desktop\\NYDev\\nyProjects\\trust-pay\\backend\\node_modules\\express\\lib\\router\\index.js:280:10)\n    at Function.handle (C:\\Users\\yamla\\Desktop\\NYDev\\nyProjects\\trust-pay\\backend\\node_modules\\express\\lib\\router\\index.js:175:3)\n    at router (C:\\Users\\yamla\\Desktop\\NYDev\\nyProjects\\trust-pay\\backend\\node_modules\\express\\lib\\router\\index.js:47:12)\n    at Layer.handle [as handle_request] (C:\\Users\\yamla\\Desktop\\NYDev\\nyProjects\\trust-pay\\backend\\node_modules\\express\\lib\\router\\layer.js:95:5)","timestamp":"2026-07-04T17:11:36.398Z"}
{"level":"info","message":"📦 MongoDB connected: ac-sxdmjkv-shard-00-00.i8vlen9.mongodb.net/trustpay","timestamp":"2026-07-04T17:14:56.719Z"}
{"level":"info","message":"🚀 Server running in development mode on port 5000","timestamp":"2026-07-04T17:14:56.726Z"}
{"level":"info","message":"📦 MongoDB connected: ac-sxdmjkv-shard-00-02.i8vlen9.mongodb.net/trustpay","timestamp":"2026-07-04T17:15:04.128Z"}
{"level":"info","message":"🚀 Server running in development mode on port 5000","timestamp":"2026-07-04T17:15:04.138Z"}
{"level":"info","message":"📦 MongoDB connected: ac-sxdmjkv-shard-00-02.i8vlen9.mongodb.net/trustpay","timestamp":"2026-07-04T17:15:10.574Z"}
{"level":"info","message":"🚀 Server running in development mode on port 5000","timestamp":"2026-07-04T17:15:10.582Z"}
{"level":"info","message":"📦 MongoDB connected: ac-sxdmjkv-shard-00-00.i8vlen9.mongodb.net/trustpay","timestamp":"2026-07-04T17:16:31.611Z"}
{"level":"info","message":"🚀 Server running in development mode on port 5000","timestamp":"2026-07-04T17:16:31.618Z"}
{"level":"info","message":"📦 MongoDB connected: ac-sxdmjkv-shard-00-02.i8vlen9.mongodb.net/trustpay","timestamp":"2026-07-04T17:18:03.447Z"}
{"level":"info","message":"🚀 Server running in development mode on port 5000","timestamp":"2026-07-04T17:18:03.455Z"}
{"level":"error","message":"Error: Not authenticated. Please login.","method":"GET","path":"/api/v1/verifications/my-history","stack":"Error: Not authenticated. Please login.\n    at <anonymous> (C:\\Users\\yamla\\Desktop\\NYDev\\nyProjects\\trust-pay\\backend\\src\\middleware\\auth.ts:26:11)\n    at <anonymous> (C:\\Users\\yamla\\Desktop\\NYDev\\nyProjects\\trust-pay\\backend\\src\\utils\\asyncHandler.ts:11:21)\n    at Layer.handle [as handle_request] (C:\\Users\\yamla\\Desktop\\NYDev\\nyProjects\\trust-pay\\backend\\node_modules\\express\\lib\\router\\layer.js:95:5)\n    at trim_prefix (C:\\Users\\yamla\\Desktop\\NYDev\\nyProjects\\trust-pay\\backend\\node_modules\\express\\lib\\router\\index.js:328:13)\n    at C:\\Users\\yamla\\Desktop\\NYDev\\nyProjects\\trust-pay\\backend\\node_modules\\express\\lib\\router\\index.js:286:9\n    at Function.process_params (C:\\Users\\yamla\\Desktop\\NYDev\\nyProjects\\trust-pay\\backend\\node_modules\\express\\lib\\router\\index.js:346:12)\n    at next (C:\\Users\\yamla\\Desktop\\NYDev\\nyProjects\\trust-pay\\backend\\node_modules\\express\\lib\\router\\index.js:280:10)\n    at Function.handle (C:\\Users\\yamla\\Desktop\\NYDev\\nyProjects\\trust-pay\\backend\\node_modules\\express\\lib\\router\\index.js:175:3)\n    at router (C:\\Users\\yamla\\Desktop\\NYDev\\nyProjects\\trust-pay\\backend\\node_modules\\express\\lib\\router\\index.js:47:12)\n    at Layer.handle [as handle_request] (C:\\Users\\yamla\\Desktop\\NYDev\\nyProjects\\trust-pay\\backend\\node_modules\\express\\lib\\router\\layer.js:95:5)","timestamp":"2026-07-04T17:18:46.240Z"}
{"level":"error","message":"Error: Not authenticated. Please login.","method":"GET","path":"/api/v1/verifications/my-history","stack":"Error: Not authenticated. Please login.\n    at <anonymous> (C:\\Users\\yamla\\Desktop\\NYDev\\nyProjects\\trust-pay\\backend\\src\\middleware\\auth.ts:26:11)\n    at <anonymous> (C:\\Users\\yamla\\Desktop\\NYDev\\nyProjects\\trust-pay\\backend\\src\\utils\\asyncHandler.ts:11:21)\n    at Layer.handle [as handle_request] (C:\\Users\\yamla\\Desktop\\NYDev\\nyProjects\\trust-pay\\backend\\node_modules\\express\\lib\\router\\layer.js:95:5)\n    at trim_prefix (C:\\Users\\yamla\\Desktop\\NYDev\\nyProjects\\trust-pay\\backend\\node_modules\\express\\lib\\router\\index.js:328:13)\n    at C:\\Users\\yamla\\Desktop\\NYDev\\nyProjects\\trust-pay\\backend\\node_modules\\express\\lib\\router\\index.js:286:9\n    at Function.process_params (C:\\Users\\yamla\\Desktop\\NYDev\\nyProjects\\trust-pay\\backend\\node_modules\\express\\lib\\router\\index.js:346:12)\n    at next (C:\\Users\\yamla\\Desktop\\NYDev\\nyProjects\\trust-pay\\backend\\node_modules\\express\\lib\\router\\index.js:280:10)\n    at Function.handle (C:\\Users\\yamla\\Desktop\\NYDev\\nyProjects\\trust-pay\\backend\\node_modules\\express\\lib\\router\\index.js:175:3)\n    at router (C:\\Users\\yamla\\Desktop\\NYDev\\nyProjects\\trust-pay\\backend\\node_modules\\express\\lib\\router\\index.js:47:12)\n    at Layer.handle [as handle_request] (C:\\Users\\yamla\\Desktop\\NYDev\\nyProjects\\trust-pay\\backend\\node_modules\\express\\lib\\router\\layer.js:95:5)","timestamp":"2026-07-04T17:18:46.483Z"}
{"level":"info","message":"📦 MongoDB connected: ac-sxdmjkv-shard-00-00.i8vlen9.mongodb.net/trustpay","timestamp":"2026-07-04T17:22:09.336Z"}
{"level":"info","message":"🚀 Server running in development mode on port 5000","timestamp":"2026-07-04T17:22:09.348Z"}
{"level":"info","message":"📦 MongoDB connected: ac-sxdmjkv-shard-00-00.i8vlen9.mongodb.net/trustpay","timestamp":"2026-07-04T17:22:17.002Z"}
{"level":"info","message":"🚀 Server running in development mode on port 5000","timestamp":"2026-07-04T17:22:17.011Z"}
{"level":"info","message":"📦 MongoDB connected: ac-sxdmjkv-shard-00-01.i8vlen9.mongodb.net/trustpay","timestamp":"2026-07-04T17:24:38.750Z"}
{"level":"info","message":"🚀 Server running in development mode on port 5000","timestamp":"2026-07-04T17:24:38.756Z"}
{"level":"info","message":"📦 MongoDB connected: ac-sxdmjkv-shard-00-02.i8vlen9.mongodb.net/trustpay","timestamp":"2026-07-04T17:27:09.107Z"}
{"level":"info","message":"🚀 Server running in development mode on port 5000","timestamp":"2026-07-04T17:27:09.113Z"}
{"level":"info","message":"📦 MongoDB connected: ac-sxdmjkv-shard-00-02.i8vlen9.mongodb.net/trustpay","timestamp":"2026-07-04T17:29:09.515Z"}
{"level":"info","message":"🚀 Server running in development mode on port 5000","timestamp":"2026-07-04T17:29:09.524Z"}
{"level":"info","message":"📦 MongoDB connected: ac-sxdmjkv-shard-00-00.i8vlen9.mongodb.net/trustpay","timestamp":"2026-07-04T17:29:16.464Z"}
{"level":"info","message":"🚀 Server running in development mode on port 5000","timestamp":"2026-07-04T17:29:16.469Z"}
{"level":"info","message":"📦 MongoDB connected: ac-sxdmjkv-shard-00-00.i8vlen9.mongodb.net/trustpay","timestamp":"2026-07-04T17:29:26.428Z"}
{"level":"info","message":"🚀 Server running in development mode on port 5000","timestamp":"2026-07-04T17:29:26.434Z"}
{"level":"info","message":"📦 MongoDB connected: ac-sxdmjkv-shard-00-00.i8vlen9.mongodb.net/trustpay","timestamp":"2026-07-04T17:29:37.182Z"}
{"level":"info","message":"🚀 Server running in development mode on port 5000","timestamp":"2026-07-04T17:29:37.189Z"}
{"level":"info","message":"📦 MongoDB connected: ac-sxdmjkv-shard-00-01.i8vlen9.mongodb.net/trustpay","timestamp":"2026-07-04T17:30:22.973Z"}
{"level":"info","message":"🚀 Server running in development mode on port 5000","timestamp":"2026-07-04T17:30:22.983Z"}
{"level":"info","message":"📦 MongoDB connected: ac-sxdmjkv-shard-00-01.i8vlen9.mongodb.net/trustpay","timestamp":"2026-07-04T17:30:44.329Z"}
{"level":"info","message":"🚀 Server running in development mode on port 5000","timestamp":"2026-07-04T17:30:44.341Z"}
{"level":"info","message":"📦 MongoDB connected: ac-sxdmjkv-shard-00-01.i8vlen9.mongodb.net/trustpay","timestamp":"2026-07-04T17:31:00.447Z"}
{"level":"info","message":"🚀 Server running in development mode on port 5000","timestamp":"2026-07-04T17:31:00.459Z"}
{"level":"info","message":"📦 MongoDB connected: ac-sxdmjkv-shard-00-00.i8vlen9.mongodb.net/trustpay","timestamp":"2026-07-04T17:31:19.976Z"}
{"level":"info","message":"🚀 Server running in development mode on port 5000","timestamp":"2026-07-04T17:31:19.982Z"}
{"level":"info","message":"📦 MongoDB connected: ac-sxdmjkv-shard-00-02.i8vlen9.mongodb.net/trustpay","timestamp":"2026-07-04T17:33:20.708Z"}
{"level":"info","message":"🚀 Server running in development mode on port 5000","timestamp":"2026-07-04T17:33:20.724Z"}
{"level":"info","message":"📦 MongoDB connected: ac-sxdmjkv-shard-00-01.i8vlen9.mongodb.net/trustpay","timestamp":"2026-07-04T17:33:28.756Z"}
{"level":"info","message":"🚀 Server running in development mode on port 5000","timestamp":"2026-07-04T17:33:28.762Z"}
{"level":"info","message":"📦 MongoDB connected: ac-sxdmjkv-shard-00-01.i8vlen9.mongodb.net/trustpay","timestamp":"2026-07-04T17:33:51.023Z"}
{"level":"info","message":"🚀 Server running in development mode on port 5000","timestamp":"2026-07-04T17:33:51.033Z"}
{"level":"info","message":"📦 MongoDB connected: ac-sxdmjkv-shard-00-02.i8vlen9.mongodb.net/trustpay","timestamp":"2026-07-04T17:34:08.792Z"}
{"level":"info","message":"🚀 Server running in development mode on port 5000","timestamp":"2026-07-04T17:34:08.799Z"}
{"level":"info","message":"📦 MongoDB connected: ac-sxdmjkv-shard-00-00.i8vlen9.mongodb.net/trustpay","timestamp":"2026-07-04T17:35:08.603Z"}
{"level":"info","message":"🚀 Server running in development mode on port 5000","timestamp":"2026-07-04T17:35:08.615Z"}
{"level":"info","message":"📦 MongoDB connected: ac-sxdmjkv-shard-00-00.i8vlen9.mongodb.net/trustpay","timestamp":"2026-07-04T17:35:59.953Z"}
{"level":"info","message":"🚀 Server running in development mode on port 5000","timestamp":"2026-07-04T17:35:59.959Z"}
{"level":"info","message":"📦 MongoDB connected: ac-sxdmjkv-shard-00-01.i8vlen9.mongodb.net/trustpay","timestamp":"2026-07-04T17:36:50.412Z"}
{"level":"info","message":"🚀 Server running in development mode on port 5000","timestamp":"2026-07-04T17:36:50.418Z"}
{"level":"info","message":"📦 MongoDB connected: ac-sxdmjkv-shard-00-01.i8vlen9.mongodb.net/trustpay","timestamp":"2026-07-04T17:36:59.164Z"}
{"level":"info","message":"🚀 Server running in development mode on port 5000","timestamp":"2026-07-04T17:36:59.170Z"}
{"level":"info","message":"📦 MongoDB connected: ac-sxdmjkv-shard-00-02.i8vlen9.mongodb.net/trustpay","timestamp":"2026-07-04T17:37:07.851Z"}
{"level":"info","message":"🚀 Server running in development mode on port 5000","timestamp":"2026-07-04T17:37:07.862Z"}
{"level":"info","message":"📦 MongoDB connected: ac-sxdmjkv-shard-00-01.i8vlen9.mongodb.net/trustpay","timestamp":"2026-07-04T17:37:15.003Z"}
{"level":"info","message":"🚀 Server running in development mode on port 5000","timestamp":"2026-07-04T17:37:15.010Z"}
{"level":"info","message":"📦 MongoDB connected: ac-sxdmjkv-shard-00-02.i8vlen9.mongodb.net/trustpay","timestamp":"2026-07-04T17:37:34.825Z"}
{"level":"info","message":"🚀 Server running in development mode on port 5000","timestamp":"2026-07-04T17:37:34.832Z"}
{"level":"info","message":"📦 MongoDB connected: ac-sxdmjkv-shard-00-01.i8vlen9.mongodb.net/trustpay","timestamp":"2026-07-04T17:39:18.355Z"}
{"level":"info","message":"🚀 Server running in development mode on port 5000","timestamp":"2026-07-04T17:39:18.363Z"}
{"level":"info","message":"📦 MongoDB connected: ac-sxdmjkv-shard-00-00.i8vlen9.mongodb.net/trustpay","timestamp":"2026-07-04T17:43:38.552Z"}
{"level":"info","message":"🚀 Server running in development mode on port 5000","timestamp":"2026-07-04T17:43:38.559Z"}
{"level":"info","message":"📦 MongoDB connected: ac-sxdmjkv-shard-00-00.i8vlen9.mongodb.net/trustpay","timestamp":"2026-07-04T17:44:04.141Z"}
{"level":"info","message":"🚀 Server running in development mode on port 5000","timestamp":"2026-07-04T17:44:04.155Z"}
{"level":"info","message":"📦 MongoDB connected: ac-sxdmjkv-shard-00-01.i8vlen9.mongodb.net/trustpay","timestamp":"2026-07-04T17:45:28.140Z"}
{"level":"info","message":"🚀 Server running in development mode on port 5000","timestamp":"2026-07-04T17:45:28.147Z"}
{"level":"info","message":"📦 MongoDB connected: ac-sxdmjkv-shard-00-01.i8vlen9.mongodb.net/trustpay","timestamp":"2026-07-04T17:47:31.702Z"}
{"level":"info","message":"🚀 Server running in development mode on port 5000","timestamp":"2026-07-04T17:47:31.708Z"}
{"level":"info","message":"📦 MongoDB connected: ac-sxdmjkv-shard-00-02.i8vlen9.mongodb.net/trustpay","timestamp":"2026-07-04T17:47:50.818Z"}
{"level":"info","message":"🚀 Server running in development mode on port 5000","timestamp":"2026-07-04T17:47:50.833Z"}
{"level":"info","message":"📦 MongoDB connected: ac-sxdmjkv-shard-00-00.i8vlen9.mongodb.net/trustpay","timestamp":"2026-07-04T17:47:59.581Z"}
{"level":"info","message":"🚀 Server running in development mode on port 5000","timestamp":"2026-07-04T17:47:59.589Z"}
{"level":"info","message":"📦 MongoDB connected: ac-sxdmjkv-shard-00-01.i8vlen9.mongodb.net/trustpay","timestamp":"2026-07-04T17:48:09.919Z"}
{"level":"info","message":"🚀 Server running in development mode on port 5000","timestamp":"2026-07-04T17:48:09.930Z"}
{"level":"info","message":"📦 MongoDB connected: ac-sxdmjkv-shard-00-01.i8vlen9.mongodb.net/trustpay","timestamp":"2026-07-04T17:48:26.402Z"}
{"level":"info","message":"🚀 Server running in development mode on port 5000","timestamp":"2026-07-04T17:48:26.410Z"}
{"level":"info","message":"📦 MongoDB connected: ac-sxdmjkv-shard-00-01.i8vlen9.mongodb.net/trustpay","timestamp":"2026-07-04T17:49:28.107Z"}
{"level":"info","message":"🚀 Server running in development mode on port 5000","timestamp":"2026-07-04T17:49:28.139Z"}
{"level":"info","message":"📦 MongoDB connected: ac-sxdmjkv-shard-00-01.i8vlen9.mongodb.net/trustpay","timestamp":"2026-07-04T17:50:45.926Z"}
{"level":"info","message":"🚀 Server running in development mode on port 5000","timestamp":"2026-07-04T17:50:45.938Z"}
